<?xml version="1.0" encoding="UTF-8"?>
<!-- Generated by org.testng.reporters.JUnitXMLReporter -->
<testsuite ignored="3" hostname="LAPTOP-PNS4KIT7" failures="0" tests="1" name="Default test" time="9.911" errors="0" timestamp="2023-12-25T20:01:03 IST">
  <testcase classname="testes.DatePickerTest" name="verify_chooseDate" time="2.923"/>
  <testcase classname="testes.DatePickerTest" name="verify_getHeading" time="0.0">
    <ignored/>
  </testcase> <!-- verify_getHeading -->
  <testcase classname="testes.DatePickerTest" name="verify_datePickerClickOnLink" time="0.0">
    <ignored/>
  </testcase> <!-- verify_datePickerClickOnLink -->
  <testcase classname="testes.DatePickerTest" name="verify_backGroundColor" time="0.0">
    <ignored/>
  </testcase> <!-- verify_backGroundColor -->
</testsuite> <!-- Default test -->
