<?xml version="1.0" encoding="UTF-8"?>
<testng-results ignored="3" total="4" passed="1" failed="0" skipped="0">
  <reporter-output>
  </reporter-output>
  <suite started-at="2023-12-20T14:55:05 IST" name="Default suite" finished-at="2023-12-20T14:55:14 IST" duration-ms="8783">
    <groups>
    </groups>
    <test started-at="2023-12-20T14:55:05 IST" name="Default test" finished-at="2023-12-20T14:55:14 IST" duration-ms="8783">
      <class name="testes.DatePickerTest">
        <test-method is-config="true" signature="vrify_launchObsquraSite()[pri:0, instance:testes.DatePickerTest@a1153bc]" started-at="2023-12-20T14:55:05 IST" name="vrify_launchObsquraSite" finished-at="2023-12-20T14:55:11 IST" duration-ms="6274" status="PASS">
          <reporter-output>
          </reporter-output>
        </test-method> <!-- vrify_launchObsquraSite -->
        <test-method signature="verify_chooseDate()[pri:0, instance:testes.DatePickerTest@a1153bc]" started-at="2023-12-20T14:55:11 IST" name="verify_chooseDate" finished-at="2023-12-20T14:55:14 IST" duration-ms="2462" status="PASS">
          <reporter-output>
          </reporter-output>
        </test-method> <!-- verify_chooseDate -->
      </class> <!-- testes.DatePickerTest -->
    </test> <!-- Default test -->
  </suite> <!-- Default suite -->
</testng-results>
